<?xml version="1.0" encoding="UTF-8"?>
<testsuite name="struct.GraphPatternTest" tests="2" skipped="0" failures="0" errors="0" timestamp="2020-06-23T19:23:02" hostname="nb0227.mydomain.example" time="0.002">
  <properties/>
  <testcase name="test" classname="struct.GraphPatternTest" time="0.001"/>
  <testcase name="sameLabelTest" classname="struct.GraphPatternTest" time="0.001"/>
  <system-out><![CDATA[ThreeNodeGraphPattern{label1=1, label2=2, label3=3, isWedge=true}
ThreeNodeGraphPattern{label1=2, label2=1, label3=3, isWedge=true}
ThreeNodeGraphPattern{label1=3, label2=1, label3=2, isWedge=true}
ThreeNodeGraphPattern{label1=1, label2=2, label3=3, isWedge=false}
ThreeNodeGraphPattern{label1=1, label2=1, label3=3, isWedge=true}
ThreeNodeGraphPattern{label1=1, label2=1, label3=3, isWedge=true}
ThreeNodeGraphPattern{label1=1, label2=3, label3=3, isWedge=true}
ThreeNodeGraphPattern{label1=1, label2=1, label3=3, isWedge=false}
]]></system-out>
  <system-err><![CDATA[]]></system-err>
</testsuite>
