<?xml version="1.0" encoding="UTF-8"?>
<testsuite name="struct.StreamEdgeTest" tests="1" skipped="0" failures="0" errors="0" timestamp="2020-06-23T19:23:02" hostname="nb0227.mydomain.example" time="0.0">
  <properties/>
  <testcase name="test" classname="struct.StreamEdgeTest" time="0.0"/>
  <system-out><![CDATA[]]></system-out>
  <system-err><![CDATA[]]></system-err>
</testsuite>
