<?xml version="1.0" encoding="UTF-8"?>
<testsuite name="struct.TripletTest" tests="3" skipped="0" failures="0" errors="0" timestamp="2020-06-23T19:23:02" hostname="nb0227.mydomain.example" time="0.002">
  <properties/>
  <testcase name="threeWedgeTest" classname="struct.TripletTest" time="0.002"/>
  <testcase name="anotherTest" classname="struct.TripletTest" time="0.0"/>
  <testcase name="test" classname="struct.TripletTest" time="0.0"/>
  <system-out><![CDATA[----tst finished----
]]></system-out>
  <system-err><![CDATA[]]></system-err>
</testsuite>
