<?xml version="1.0" encoding="UTF-8"?>
<testsuite name="struct.QuadripletTest" tests="5" skipped="0" failures="0" errors="0" timestamp="2020-06-23T19:23:02" hostname="nb0227.mydomain.example" time="0.001">
  <properties/>
  <testcase name="validTest" classname="struct.QuadripletTest" time="0.0"/>
  <testcase name="dfsCodeTest" classname="struct.QuadripletTest" time="0.0"/>
  <testcase name="invalidTest1" classname="struct.QuadripletTest" time="0.0"/>
  <testcase name="invalidTest2" classname="struct.QuadripletTest" time="0.0"/>
  <testcase name="getTypeTest" classname="struct.QuadripletTest" time="0.0"/>
  <system-out><![CDATA[]]></system-out>
  <system-err><![CDATA[]]></system-err>
</testsuite>
