<?xml version="1.0" encoding="UTF-8"?>
<testsuite name="utility.AlgorithmDTest" tests="2" skipped="0" failures="0" errors="0" timestamp="2020-06-23T19:23:02" hostname="nb0227.mydomain.example" time="0.008">
  <properties/>
  <testcase name="algorithmATest" classname="utility.AlgorithmDTest" time="0.004"/>
  <testcase name="algorithmDTest" classname="utility.AlgorithmDTest" time="0.004"/>
  <system-out><![CDATA[60
29
58
17
28
12
8
8
0
1
1
3
6
12
8
4
24
1
3
4
2
1
1
0
0
0
0
0
0
0
2
2
5
6
1
6
1
0
0
5
5
2
4
1
1
2
1
0
0
0
0
1
0
4
1
1
0
3
1
0
1
1
1
0
0
0
0
0
0
0
0
0
0
1
0
1
0
0
0
0
0
0
0
0
0
0
0
0
0
0
0
0
0
0
0
0
0
0
0
44
62
14
22
1
17
4
8
15
8
1
2
9
4
3
4
10
8
2
5
5
12
10
0
0
7
8
4
16
2
0
2
0
4
3
0
0
0
0
1
3
9
1
0
1
2
2
7
0
0
2
3
2
0
0
0
4
3
0
0
0
0
1
1
0
4
4
0
0
2
2
0
2
0
0
0
0
0
0
0
0
1
0
0
0
0
0
0
0
2
0
0
0
0
0
0
0
0
0
]]></system-out>
  <system-err><![CDATA[]]></system-err>
</testsuite>
