<?xml version="1.0" encoding="UTF-8"?>
<testsuite name="struct.LabeledNodeTest" tests="2" skipped="0" failures="0" errors="0" timestamp="2020-06-23T19:23:02" hostname="nb0227.mydomain.example" time="0.001">
  <properties/>
  <testcase name="equalsTest" classname="struct.LabeledNodeTest" time="0.0"/>
  <testcase name="hashcodeTest" classname="struct.LabeledNodeTest" time="0.0"/>
  <system-out><![CDATA[1
]]></system-out>
  <system-err><![CDATA[]]></system-err>
</testsuite>
